\BOOKMARK [-1][-]{part*.2}{\376\377\000F\000A\000S\000E\000\040\000E\000\040\040\024\000\040\000K\000E\000L\000A\000S\000\040\0001\0000}{}% 1
\BOOKMARK [0][-]{chapter.1}{\376\377\000E\000k\000s\000p\000o\000n\000e\000n\000\040\000d\000a\000n\000\040\000L\000o\000g\000a\000r\000i\000t\000m\000a}{part*.2}% 2
\BOOKMARK [1][-]{section*.3}{\376\377\000P\000e\000t\000a\000\040\000K\000o\000n\000s\000e\000p\000\040\000B\000a\000b}{chapter.1}% 3
\BOOKMARK [1][-]{section.1.1}{\376\377\000B\000i\000l\000a\000n\000g\000a\000n\000\040\000B\000e\000r\000p\000a\000n\000g\000k\000a\000t\000\040\000\050\000E\000k\000s\000p\000o\000n\000e\000n\000\051}{chapter.1}% 4
\BOOKMARK [1][-]{section.1.2}{\376\377\000P\000e\000r\000s\000a\000m\000a\000a\000n\000\040\000d\000a\000n\000\040\000P\000e\000r\000t\000i\000d\000a\000k\000s\000a\000m\000a\000a\000n\000\040\000E\000k\000s\000p\000o\000n\000e\000n}{chapter.1}% 5
\BOOKMARK [1][-]{section.1.3}{\376\377\000L\000o\000g\000a\000r\000i\000t\000m\000a}{chapter.1}% 6
\BOOKMARK [1][-]{Item.35}{\376\377\000R\000i\000n\000g\000k\000a\000s\000a\000n\000\040\000B\000a\000b}{chapter.1}% 7
\BOOKMARK [1][-]{Item.35}{\376\377\000S\000o\000a\000l\000\040\000A\000k\000h\000i\000r\000\040\000B\000a\000b\000\040\0001}{chapter.1}% 8
\BOOKMARK [2][-]{section*.4}{\376\377\000B\000a\000g\000i\000a\000n\000\040\000A}{Item.35}% 9
\BOOKMARK [2][-]{Item.45}{\376\377\000B\000a\000g\000i\000a\000n\000\040\000B}{Item.35}% 10
\BOOKMARK [2][-]{Item.50}{\376\377\000B\000a\000g\000i\000a\000n\000\040\000C}{Item.35}% 11
\BOOKMARK [2][-]{Item.55}{\376\377\000B\000a\000g\000i\000a\000n\000\040\000D}{Item.35}% 12
\BOOKMARK [0][-]{chapter.2}{\376\377\000B\000a\000r\000i\000s\000a\000n\000\040\000d\000a\000n\000\040\000D\000e\000r\000e\000t}{part*.2}% 13
\BOOKMARK [1][-]{section*.5}{\376\377\000P\000e\000t\000a\000\040\000K\000o\000n\000s\000e\000p\000\040\000B\000a\000b}{chapter.2}% 14
\BOOKMARK [1][-]{section.2.1}{\376\377\000B\000a\000r\000i\000s\000a\000n\000\040\000d\000a\000n\000\040\000D\000e\000r\000e\000t\000\040\000A\000r\000i\000t\000m\000e\000t\000i\000k\000a}{chapter.2}% 15
\BOOKMARK [1][-]{section.2.2}{\376\377\000B\000a\000r\000i\000s\000a\000n\000\040\000d\000a\000n\000\040\000D\000e\000r\000e\000t\000\040\000G\000e\000o\000m\000e\000t\000r\000i}{chapter.2}% 16
\BOOKMARK [1][-]{section.2.3}{\376\377\000N\000o\000t\000a\000s\000i\000\040\000S\000i\000g\000m\000a\000\040\000\050\000P\000e\000n\000g\000a\000y\000a\000a\000n\000\051}{chapter.2}% 17
\BOOKMARK [1][-]{Item.97}{\376\377\000R\000i\000n\000g\000k\000a\000s\000a\000n\000\040\000B\000a\000b}{chapter.2}% 18
\BOOKMARK [1][-]{Item.97}{\376\377\000S\000o\000a\000l\000\040\000A\000k\000h\000i\000r\000\040\000B\000a\000b\000\040\0002}{chapter.2}% 19
\BOOKMARK [2][-]{section*.6}{\376\377\000B\000a\000g\000i\000a\000n\000\040\000A}{Item.97}% 20
\BOOKMARK [2][-]{Item.107}{\376\377\000B\000a\000g\000i\000a\000n\000\040\000B}{Item.97}% 21
\BOOKMARK [2][-]{Item.112}{\376\377\000B\000a\000g\000i\000a\000n\000\040\000C}{Item.97}% 22
\BOOKMARK [2][-]{Item.117}{\376\377\000B\000a\000g\000i\000a\000n\000\040\000D}{Item.97}% 23
\BOOKMARK [0][-]{chapter.3}{\376\377\000V\000e\000k\000t\000o\000r}{part*.2}% 24
\BOOKMARK [1][-]{section*.7}{\376\377\000P\000e\000t\000a\000\040\000K\000o\000n\000s\000e\000p\000\040\000B\000a\000b}{chapter.3}% 25
\BOOKMARK [1][-]{section.3.1}{\376\377\000K\000o\000n\000s\000e\000p\000\040\000D\000a\000s\000a\000r\000\040\000d\000a\000n\000\040\000O\000p\000e\000r\000a\000s\000i\000\040\000V\000e\000k\000t\000o\000r}{chapter.3}% 26
\BOOKMARK [1][-]{section.3.2}{\376\377\000H\000a\000s\000i\000l\000\040\000K\000a\000l\000i\000\040\000T\000i\000t\000i\000k\000\040\000d\000a\000n\000\040\000S\000u\000d\000u\000t}{chapter.3}% 27
\BOOKMARK [1][-]{section.3.3}{\376\377\000V\000e\000k\000t\000o\000r\000\040\000L\000a\000n\000j\000u\000t\000a\000n\000\040\000\050\000P\000e\000n\000g\000a\000y\000a\000a\000n\000\051}{chapter.3}% 28
\BOOKMARK [1][-]{Item.159}{\376\377\000R\000i\000n\000g\000k\000a\000s\000a\000n\000\040\000B\000a\000b}{chapter.3}% 29
\BOOKMARK [1][-]{Item.159}{\376\377\000S\000o\000a\000l\000\040\000A\000k\000h\000i\000r\000\040\000B\000a\000b\000\040\0003}{chapter.3}% 30
\BOOKMARK [2][-]{section*.8}{\376\377\000B\000a\000g\000i\000a\000n\000\040\000A}{Item.159}% 31
\BOOKMARK [2][-]{Item.169}{\376\377\000B\000a\000g\000i\000a\000n\000\040\000B}{Item.159}% 32
\BOOKMARK [2][-]{Item.174}{\376\377\000B\000a\000g\000i\000a\000n\000\040\000C}{Item.159}% 33
\BOOKMARK [2][-]{Item.179}{\376\377\000B\000a\000g\000i\000a\000n\000\040\000D}{Item.159}% 34
\BOOKMARK [0][-]{chapter.4}{\376\377\000T\000r\000i\000g\000o\000n\000o\000m\000e\000t\000r\000i\000\040\000D\000a\000s\000a\000r}{part*.2}% 35
\BOOKMARK [1][-]{section*.9}{\376\377\000P\000e\000t\000a\000\040\000K\000o\000n\000s\000e\000p\000\040\000B\000a\000b}{chapter.4}% 36
\BOOKMARK [1][-]{section.4.1}{\376\377\000P\000e\000r\000b\000a\000n\000d\000i\000n\000g\000a\000n\000\040\000T\000r\000i\000g\000o\000n\000o\000m\000e\000t\000r\000i}{chapter.4}% 37
\BOOKMARK [1][-]{section.4.2}{\376\377\000S\000u\000d\000u\000t\000\040\000d\000i\000\040\000B\000e\000r\000b\000a\000g\000a\000i\000\040\000K\000u\000a\000d\000r\000a\000n\000\040\000d\000a\000n\000\040\000I\000d\000e\000n\000t\000i\000t\000a\000s}{chapter.4}% 38
\BOOKMARK [1][-]{section.4.3}{\376\377\000T\000r\000i\000g\000o\000n\000o\000m\000e\000t\000r\000i\000\040\000L\000a\000n\000j\000u\000t\000a\000n\000\040\000D\000a\000s\000a\000r\000\040\000\050\000P\000e\000n\000g\000a\000y\000a\000a\000n\000\051}{chapter.4}% 39
\BOOKMARK [1][-]{Item.222}{\376\377\000R\000i\000n\000g\000k\000a\000s\000a\000n\000\040\000B\000a\000b}{chapter.4}% 40
\BOOKMARK [1][-]{Item.222}{\376\377\000S\000o\000a\000l\000\040\000A\000k\000h\000i\000r\000\040\000B\000a\000b\000\040\0004}{chapter.4}% 41
\BOOKMARK [2][-]{section*.10}{\376\377\000B\000a\000g\000i\000a\000n\000\040\000A}{Item.222}% 42
\BOOKMARK [2][-]{Item.232}{\376\377\000B\000a\000g\000i\000a\000n\000\040\000B}{Item.222}% 43
\BOOKMARK [2][-]{Item.237}{\376\377\000B\000a\000g\000i\000a\000n\000\040\000C}{Item.222}% 44
\BOOKMARK [2][-]{Item.242}{\376\377\000B\000a\000g\000i\000a\000n\000\040\000D}{Item.222}% 45
\BOOKMARK [0][-]{chapter.5}{\376\377\000S\000i\000s\000t\000e\000m\000\040\000P\000e\000r\000s\000a\000m\000a\000a\000n\000\040\000d\000a\000n\000\040\000P\000e\000r\000t\000i\000d\000a\000k\000s\000a\000m\000a\000a\000n\000\040\000L\000i\000n\000e\000a\000r}{part*.2}% 46
\BOOKMARK [1][-]{section*.11}{\376\377\000P\000e\000t\000a\000\040\000K\000o\000n\000s\000e\000p\000\040\000B\000a\000b}{chapter.5}% 47
\BOOKMARK [1][-]{section.5.1}{\376\377\000S\000i\000s\000t\000e\000m\000\040\000P\000e\000r\000s\000a\000m\000a\000a\000n\000\040\000L\000i\000n\000e\000a\000r\000\040\000T\000i\000g\000a\000\040\000V\000a\000r\000i\000a\000b\000e\000l\000\040\000\050\000S\000P\000L\000T\000V\000\051}{chapter.5}% 48
\BOOKMARK [1][-]{section.5.2}{\376\377\000S\000i\000s\000t\000e\000m\000\040\000P\000e\000r\000t\000i\000d\000a\000k\000s\000a\000m\000a\000a\000n\000\040\000L\000i\000n\000e\000a\000r\000\040\000D\000u\000a\000\040\000V\000a\000r\000i\000a\000b\000e\000l\000\040\000\050\000S\000P\000t\000L\000D\000V\000\051}{chapter.5}% 49
\BOOKMARK [1][-]{section.5.3}{\376\377\000F\000u\000n\000g\000s\000i\000,\000\040\000P\000e\000r\000s\000a\000m\000a\000a\000n\000,\000\040\000d\000a\000n\000\040\000P\000e\000r\000t\000i\000d\000a\000k\000s\000a\000m\000a\000a\000n\000\040\000L\000i\000n\000e\000a\000r\000\040\000\050\000P\000e\000n\000g\000a\000y\000a\000a\000n\000\051}{chapter.5}% 50
\BOOKMARK [1][-]{section.5.4}{\376\377\000P\000r\000o\000g\000r\000a\000m\000\040\000L\000i\000n\000e\000a\000r\000\040\000L\000a\000n\000j\000u\000t\000a\000n\000\040\000\050\000P\000e\000n\000g\000a\000y\000a\000a\000n\000\051}{chapter.5}% 51
\BOOKMARK [1][-]{Item.298}{\376\377\000R\000i\000n\000g\000k\000a\000s\000a\000n\000\040\000B\000a\000b}{chapter.5}% 52
\BOOKMARK [1][-]{Item.298}{\376\377\000S\000o\000a\000l\000\040\000A\000k\000h\000i\000r\000\040\000B\000a\000b\000\040\0005}{chapter.5}% 53
\BOOKMARK [2][-]{section*.12}{\376\377\000B\000a\000g\000i\000a\000n\000\040\000A}{Item.298}% 54
\BOOKMARK [2][-]{Item.308}{\376\377\000B\000a\000g\000i\000a\000n\000\040\000B}{Item.298}% 55
\BOOKMARK [2][-]{Item.313}{\376\377\000B\000a\000g\000i\000a\000n\000\040\000C}{Item.298}% 56
\BOOKMARK [2][-]{Item.318}{\376\377\000B\000a\000g\000i\000a\000n\000\040\000D}{Item.298}% 57
\BOOKMARK [0][-]{chapter.6}{\376\377\000F\000u\000n\000g\000s\000i\000\040\000K\000u\000a\000d\000r\000a\000t}{part*.2}% 58
\BOOKMARK [1][-]{section*.13}{\376\377\000P\000e\000t\000a\000\040\000K\000o\000n\000s\000e\000p\000\040\000B\000a\000b}{chapter.6}% 59
\BOOKMARK [1][-]{section.6.1}{\376\377\000B\000e\000n\000t\000u\000k\000,\000\040\000G\000r\000a\000f\000i\000k\000,\000\040\000d\000a\000n\000\040\000K\000a\000r\000a\000k\000t\000e\000r\000i\000s\000t\000i\000k}{chapter.6}% 60
\BOOKMARK [1][-]{section.6.2}{\376\377\000P\000e\000r\000s\000a\000m\000a\000a\000n\000,\000\040\000P\000e\000r\000t\000i\000d\000a\000k\000s\000a\000m\000a\000a\000n\000,\000\040\000d\000a\000n\000\040\000P\000e\000n\000e\000r\000a\000p\000a\000n}{chapter.6}% 61
\BOOKMARK [1][-]{Item.351}{\376\377\000R\000i\000n\000g\000k\000a\000s\000a\000n\000\040\000B\000a\000b}{chapter.6}% 62
\BOOKMARK [1][-]{Item.351}{\376\377\000S\000o\000a\000l\000\040\000A\000k\000h\000i\000r\000\040\000B\000a\000b\000\040\0006}{chapter.6}% 63
\BOOKMARK [2][-]{section*.14}{\376\377\000B\000a\000g\000i\000a\000n\000\040\000A}{Item.351}% 64
\BOOKMARK [2][-]{Item.361}{\376\377\000B\000a\000g\000i\000a\000n\000\040\000B}{Item.351}% 65
\BOOKMARK [2][-]{Item.366}{\376\377\000B\000a\000g\000i\000a\000n\000\040\000C}{Item.351}% 66
\BOOKMARK [2][-]{Item.371}{\376\377\000B\000a\000g\000i\000a\000n\000\040\000D}{Item.351}% 67
\BOOKMARK [0][-]{chapter.7}{\376\377\000S\000t\000a\000t\000i\000s\000t\000i\000k\000a}{part*.2}% 68
\BOOKMARK [1][-]{section*.15}{\376\377\000P\000e\000t\000a\000\040\000K\000o\000n\000s\000e\000p\000\040\000B\000a\000b}{chapter.7}% 69
\BOOKMARK [1][-]{section.7.1}{\376\377\000P\000e\000n\000y\000a\000j\000i\000a\000n\000\040\000D\000a\000t\000a}{chapter.7}% 70
\BOOKMARK [1][-]{section.7.2}{\376\377\000U\000k\000u\000r\000a\000n\000\040\000P\000e\000m\000u\000s\000a\000t\000a\000n\000\040\000d\000a\000n\000\040\000P\000e\000n\000y\000e\000b\000a\000r\000a\000n}{chapter.7}% 71
\BOOKMARK [1][-]{section.7.3}{\376\377\000S\000t\000a\000t\000i\000s\000t\000i\000k\000a\000\040\000L\000a\000n\000j\000u\000t\000a\000n\000\040\000\050\000P\000e\000n\000g\000a\000y\000a\000a\000n\000\051}{chapter.7}% 72
\BOOKMARK [1][-]{Item.403}{\376\377\000R\000i\000n\000g\000k\000a\000s\000a\000n\000\040\000B\000a\000b}{chapter.7}% 73
\BOOKMARK [1][-]{Item.403}{\376\377\000S\000o\000a\000l\000\040\000A\000k\000h\000i\000r\000\040\000B\000a\000b\000\040\0007}{chapter.7}% 74
\BOOKMARK [2][-]{section*.16}{\376\377\000B\000a\000g\000i\000a\000n\000\040\000A}{Item.403}% 75
\BOOKMARK [2][-]{Item.413}{\376\377\000B\000a\000g\000i\000a\000n\000\040\000B}{Item.403}% 76
\BOOKMARK [2][-]{Item.418}{\376\377\000B\000a\000g\000i\000a\000n\000\040\000C}{Item.403}% 77
\BOOKMARK [2][-]{Item.423}{\376\377\000B\000a\000g\000i\000a\000n\000\040\000D}{Item.403}% 78
\BOOKMARK [0][-]{chapter.8}{\376\377\000P\000e\000l\000u\000a\000n\000g}{part*.2}% 79
\BOOKMARK [1][-]{section*.17}{\376\377\000P\000e\000t\000a\000\040\000K\000o\000n\000s\000e\000p\000\040\000B\000a\000b}{chapter.8}% 80
\BOOKMARK [1][-]{section.8.1}{\376\377\000K\000o\000n\000s\000e\000p\000\040\000D\000a\000s\000a\000r\000\040\000P\000e\000l\000u\000a\000n\000g}{chapter.8}% 81
\BOOKMARK [1][-]{section.8.2}{\376\377\000P\000e\000n\000c\000a\000c\000a\000h\000a\000n\000\040\000d\000a\000n\000\040\000P\000e\000l\000u\000a\000n\000g\000\040\000K\000e\000j\000a\000d\000i\000a\000n\000\040\000M\000a\000j\000e\000m\000u\000k}{chapter.8}% 82
\BOOKMARK [1][-]{section.8.3}{\376\377\000P\000e\000l\000u\000a\000n\000g\000\040\000L\000a\000n\000j\000u\000t\000a\000n\000\040\000\050\000P\000e\000n\000g\000a\000y\000a\000a\000n\000\051}{chapter.8}% 83
\BOOKMARK [1][-]{Item.465}{\376\377\000R\000i\000n\000g\000k\000a\000s\000a\000n\000\040\000B\000a\000b}{chapter.8}% 84
\BOOKMARK [1][-]{Item.465}{\376\377\000S\000o\000a\000l\000\040\000A\000k\000h\000i\000r\000\040\000B\000a\000b\000\040\0008}{chapter.8}% 85
\BOOKMARK [2][-]{section*.18}{\376\377\000B\000a\000g\000i\000a\000n\000\040\000A}{Item.465}% 86
\BOOKMARK [2][-]{Item.475}{\376\377\000B\000a\000g\000i\000a\000n\000\040\000B}{Item.465}% 87
\BOOKMARK [2][-]{Item.480}{\376\377\000B\000a\000g\000i\000a\000n\000\040\000C}{Item.465}% 88
\BOOKMARK [2][-]{Item.485}{\376\377\000B\000a\000g\000i\000a\000n\000\040\000D}{Item.465}% 89
\BOOKMARK [0][-]{chapter.9}{\376\377\000B\000u\000n\000g\000a\000\040\000T\000u\000n\000g\000g\000a\000l\000\040\000d\000a\000n\000\040\000B\000u\000n\000g\000a\000\040\000M\000a\000j\000e\000m\000u\000k}{part*.2}% 90
\BOOKMARK [1][-]{section*.19}{\376\377\000P\000e\000t\000a\000\040\000K\000o\000n\000s\000e\000p\000\040\000B\000a\000b}{chapter.9}% 91
\BOOKMARK [1][-]{section.9.1}{\376\377\000K\000o\000n\000s\000e\000p\000\040\000D\000a\000s\000a\000r\000\040\000B\000u\000n\000g\000a}{chapter.9}% 92
\BOOKMARK [1][-]{section.9.2}{\376\377\000B\000u\000n\000g\000a\000\040\000T\000u\000n\000g\000g\000a\000l}{chapter.9}% 93
\BOOKMARK [1][-]{section.9.3}{\376\377\000B\000u\000n\000g\000a\000\040\000M\000a\000j\000e\000m\000u\000k}{chapter.9}% 94
\BOOKMARK [1][-]{section.9.4}{\376\377\000P\000e\000r\000b\000a\000n\000d\000i\000n\000g\000a\000n\000\040\000B\000u\000n\000g\000a\000\040\000T\000u\000n\000g\000g\000a\000l\000\040\000d\000a\000n\000\040\000B\000u\000n\000g\000a\000\040\000M\000a\000j\000e\000m\000u\000k}{chapter.9}% 95
\BOOKMARK [1][-]{section.9.4}{\376\377\000R\000i\000n\000g\000k\000a\000s\000a\000n\000\040\000B\000a\000b}{chapter.9}% 96
\BOOKMARK [1][-]{section.9.4}{\376\377\000S\000o\000a\000l\000\040\000A\000k\000h\000i\000r\000\040\000B\000a\000b\000\040\0009}{chapter.9}% 97
\BOOKMARK [2][-]{section*.20}{\376\377\000B\000a\000g\000i\000a\000n\000\040\000A}{section.9.4}% 98
\BOOKMARK [2][-]{Item.509}{\376\377\000B\000a\000g\000i\000a\000n\000\040\000B}{section.9.4}% 99
\BOOKMARK [2][-]{Item.514}{\376\377\000B\000a\000g\000i\000a\000n\000\040\000C}{section.9.4}% 100
\BOOKMARK [2][-]{Item.519}{\376\377\000B\000a\000g\000i\000a\000n\000\040\000D}{section.9.4}% 101
\BOOKMARK [-1][-]{part*.21}{\376\377\000K\000U\000N\000C\000I\000\040\000J\000A\000W\000A\000B\000A\000N\000\040\000D\000A\000N\000\040\000P\000E\000M\000B\000A\000H\000A\000S\000A\000N}{}% 102
\BOOKMARK [0][-]{chapter.10}{\376\377\000P\000e\000m\000b\000a\000h\000a\000s\000a\000n\000\040\000B\000a\000b\000\040\0001\000:\000\040\000E\000k\000s\000p\000o\000n\000e\000n\000\040\000d\000a\000n\000\040\000L\000o\000g\000a\000r\000i\000t\000m\000a}{part*.21}% 103
\BOOKMARK [0][-]{chapter.11}{\376\377\000P\000e\000m\000b\000a\000h\000a\000s\000a\000n\000\040\000B\000a\000b\000\040\0002\000:\000\040\000B\000a\000r\000i\000s\000a\000n\000\040\000d\000a\000n\000\040\000D\000e\000r\000e\000t}{part*.21}% 104
\BOOKMARK [0][-]{chapter.12}{\376\377\000P\000e\000m\000b\000a\000h\000a\000s\000a\000n\000\040\000B\000a\000b\000\040\0003\000:\000\040\000V\000e\000k\000t\000o\000r}{part*.21}% 105
\BOOKMARK [0][-]{chapter.13}{\376\377\000P\000e\000m\000b\000a\000h\000a\000s\000a\000n\000\040\000B\000a\000b\000\040\0004\000:\000\040\000T\000r\000i\000g\000o\000n\000o\000m\000e\000t\000r\000i\000\040\000D\000a\000s\000a\000r}{part*.21}% 106
\BOOKMARK [0][-]{chapter.14}{\376\377\000P\000e\000m\000b\000a\000h\000a\000s\000a\000n\000\040\000B\000a\000b\000\040\0005\000:\000\040\000S\000i\000s\000t\000e\000m\000\040\000P\000e\000r\000s\000a\000m\000a\000a\000n\000\040\000d\000a\000n\000\040\000P\000e\000r\000t\000i\000d\000a\000k\000s\000a\000m\000a\000a\000n\000\040\000L\000i\000n\000e\000a\000r}{part*.21}% 107
\BOOKMARK [0][-]{chapter.15}{\376\377\000P\000e\000m\000b\000a\000h\000a\000s\000a\000n\000\040\000B\000a\000b\000\040\0006\000:\000\040\000F\000u\000n\000g\000s\000i\000\040\000K\000u\000a\000d\000r\000a\000t}{part*.21}% 108
\BOOKMARK [0][-]{chapter.16}{\376\377\000P\000e\000m\000b\000a\000h\000a\000s\000a\000n\000\040\000B\000a\000b\000\040\0007\000:\000\040\000S\000t\000a\000t\000i\000s\000t\000i\000k\000a}{part*.21}% 109
\BOOKMARK [0][-]{chapter.17}{\376\377\000P\000e\000m\000b\000a\000h\000a\000s\000a\000n\000\040\000B\000a\000b\000\040\0008\000:\000\040\000P\000e\000l\000u\000a\000n\000g}{part*.21}% 110
\BOOKMARK [0][-]{chapter.18}{\376\377\000P\000e\000m\000b\000a\000h\000a\000s\000a\000n\000\040\000B\000a\000b\000\040\0009\000:\000\040\000B\000u\000n\000g\000a\000\040\000T\000u\000n\000g\000g\000a\000l\000\040\000d\000a\000n\000\040\000B\000u\000n\000g\000a\000\040\000M\000a\000j\000e\000m\000u\000k}{part*.21}% 111
