\BOOKMARK [-1][-]{part*.2}{\376\377\000F\000A\000S\000E\000\040\000F\000\040\040\024\000\040\000K\000E\000L\000A\000S\000\040\0001\0001}{}% 1
\BOOKMARK [0][-]{chapter.1}{\376\377\000K\000o\000m\000p\000o\000s\000i\000s\000i\000\040\000F\000u\000n\000g\000s\000i\000\040\000d\000a\000n\000\040\000F\000u\000n\000g\000s\000i\000\040\000I\000n\000v\000e\000r\000s}{part*.2}% 2
\BOOKMARK [1][-]{section*.3}{\376\377\000P\000e\000t\000a\000\040\000K\000o\000n\000s\000e\000p\000\040\000B\000a\000b}{chapter.1}% 3
\BOOKMARK [1][-]{section.1.1}{\376\377\000K\000o\000m\000p\000o\000s\000i\000s\000i\000\040\000F\000u\000n\000g\000s\000i}{chapter.1}% 4
\BOOKMARK [1][-]{section.1.2}{\376\377\000F\000u\000n\000g\000s\000i\000\040\000I\000n\000v\000e\000r\000s}{chapter.1}% 5
\BOOKMARK [1][-]{Item.6}{\376\377\000R\000i\000n\000g\000k\000a\000s\000a\000n\000\040\000B\000a\000b}{chapter.1}% 6
\BOOKMARK [1][-]{Item.6}{\376\377\000S\000o\000a\000l\000\040\000A\000k\000h\000i\000r\000\040\000B\000a\000b\000\040\0001}{chapter.1}% 7
\BOOKMARK [2][-]{section*.4}{\376\377\000B\000a\000g\000i\000a\000n\000\040\000A}{Item.6}% 8
\BOOKMARK [2][-]{Item.11}{\376\377\000B\000a\000g\000i\000a\000n\000\040\000B}{Item.6}% 9
\BOOKMARK [2][-]{Item.18}{\376\377\000B\000a\000g\000i\000a\000n\000\040\000C}{Item.6}% 10
\BOOKMARK [2][-]{Item.25}{\376\377\000B\000a\000g\000i\000a\000n\000\040\000D}{Item.6}% 11
\BOOKMARK [0][-]{chapter.2}{\376\377\000L\000i\000n\000g\000k\000a\000r\000a\000n}{part*.2}% 12
\BOOKMARK [1][-]{section*.5}{\376\377\000P\000e\000t\000a\000\040\000K\000o\000n\000s\000e\000p\000\040\000B\000a\000b}{chapter.2}% 13
\BOOKMARK [1][-]{section.2.1}{\376\377\000P\000e\000r\000s\000a\000m\000a\000a\000n\000\040\000L\000i\000n\000g\000k\000a\000r\000a\000n}{chapter.2}% 14
\BOOKMARK [1][-]{section.2.2}{\376\377\000K\000e\000d\000u\000d\000u\000k\000a\000n\000\040\000T\000i\000t\000i\000k\000\040\000d\000a\000n\000\040\000G\000a\000r\000i\000s}{chapter.2}% 15
\BOOKMARK [1][-]{section.2.3}{\376\377\000G\000a\000r\000i\000s\000\040\000S\000i\000n\000g\000g\000u\000n\000g\000\040\000L\000i\000n\000g\000k\000a\000r\000a\000n}{chapter.2}% 16
\BOOKMARK [1][-]{section.2.4}{\376\377\000P\000a\000n\000j\000a\000n\000g\000\040\000B\000u\000s\000u\000r\000\040\000d\000a\000n\000\040\000L\000u\000a\000s\000\040\000J\000u\000r\000i\000n\000g}{chapter.2}% 17
\BOOKMARK [1][-]{section.2.4}{\376\377\000R\000i\000n\000g\000k\000a\000s\000a\000n\000\040\000B\000a\000b}{chapter.2}% 18
\BOOKMARK [1][-]{section.2.4}{\376\377\000S\000o\000a\000l\000\040\000A\000k\000h\000i\000r\000\040\000B\000a\000b\000\040\0002}{chapter.2}% 19
\BOOKMARK [2][-]{section*.6}{\376\377\000B\000a\000g\000i\000a\000n\000\040\000A}{section.2.4}% 20
\BOOKMARK [2][-]{Item.38}{\376\377\000B\000a\000g\000i\000a\000n\000\040\000B}{section.2.4}% 21
\BOOKMARK [2][-]{Item.45}{\376\377\000B\000a\000g\000i\000a\000n\000\040\000C}{section.2.4}% 22
\BOOKMARK [2][-]{Item.51}{\376\377\000B\000a\000g\000i\000a\000n\000\040\000D}{section.2.4}% 23
\BOOKMARK [0][-]{chapter.3}{\376\377\000S\000t\000a\000t\000i\000s\000t\000i\000k\000a\000\040\000L\000a\000n\000j\000u\000t\000a\000n\000\040\000\050\000D\000a\000t\000a\000\040\000B\000i\000v\000a\000r\000i\000a\000t\000\051}{part*.2}% 24
\BOOKMARK [1][-]{section*.7}{\376\377\000P\000e\000t\000a\000\040\000K\000o\000n\000s\000e\000p\000\040\000B\000a\000b}{chapter.3}% 25
\BOOKMARK [1][-]{section.3.1}{\376\377\000D\000i\000a\000g\000r\000a\000m\000\040\000P\000e\000n\000c\000a\000r\000\040\000d\000a\000n\000\040\000K\000o\000r\000e\000l\000a\000s\000i}{chapter.3}% 26
\BOOKMARK [1][-]{section.3.2}{\376\377\000R\000e\000g\000r\000e\000s\000i\000\040\000L\000i\000n\000e\000a\000r\000\040\000d\000a\000n\000\040\000P\000r\000e\000d\000i\000k\000s\000i}{chapter.3}% 27
\BOOKMARK [1][-]{section.3.3}{\376\377\000K\000o\000r\000e\000l\000a\000s\000i\000\040\000d\000a\000n\000\040\000K\000a\000u\000s\000a\000l\000i\000t\000a\000s}{chapter.3}% 28
\BOOKMARK [1][-]{section.3.3}{\376\377\000R\000i\000n\000g\000k\000a\000s\000a\000n\000\040\000B\000a\000b}{chapter.3}% 29
\BOOKMARK [1][-]{section.3.3}{\376\377\000S\000o\000a\000l\000\040\000A\000k\000h\000i\000r\000\040\000B\000a\000b\000\040\0003}{chapter.3}% 30
\BOOKMARK [2][-]{section*.8}{\376\377\000B\000a\000g\000i\000a\000n\000\040\000A}{section.3.3}% 31
\BOOKMARK [2][-]{Item.63}{\376\377\000B\000a\000g\000i\000a\000n\000\040\000B}{section.3.3}% 32
\BOOKMARK [2][-]{Item.70}{\376\377\000B\000a\000g\000i\000a\000n\000\040\000C}{section.3.3}% 33
\BOOKMARK [2][-]{Item.76}{\376\377\000B\000a\000g\000i\000a\000n\000\040\000D}{section.3.3}% 34
\BOOKMARK [0][-]{chapter.4}{\376\377\000B\000i\000l\000a\000n\000g\000a\000n\000\040\000K\000o\000m\000p\000l\000e\000k\000s}{part*.2}% 35
\BOOKMARK [1][-]{section*.9}{\376\377\000P\000e\000t\000a\000\040\000K\000o\000n\000s\000e\000p\000\040\000B\000a\000b}{chapter.4}% 36
\BOOKMARK [1][-]{section.4.1}{\376\377\000S\000a\000t\000u\000a\000n\000\040\000I\000m\000a\000j\000i\000n\000e\000r\000\040\000d\000a\000n\000\040\000O\000p\000e\000r\000a\000s\000i\000\040\000D\000a\000s\000a\000r}{chapter.4}% 37
\BOOKMARK [1][-]{section.4.2}{\376\377\000D\000i\000a\000g\000r\000a\000m\000\040\000A\000r\000g\000a\000n\000d\000,\000\040\000M\000o\000d\000u\000l\000u\000s\000,\000\040\000d\000a\000n\000\040\000A\000r\000g\000u\000m\000e\000n}{chapter.4}% 38
\BOOKMARK [1][-]{section.4.3}{\376\377\000B\000e\000n\000t\000u\000k\000\040\000P\000o\000l\000a\000r\000\040\000d\000a\000n\000\040\000T\000e\000o\000r\000e\000m\000a\000\040\000D\000e\000\040\000M\000o\000i\000v\000r\000e}{chapter.4}% 39
\BOOKMARK [1][-]{section.4.4}{\376\377\000A\000k\000a\000r\000\040\000P\000a\000n\000g\000k\000a\000t\000-\000n\000\040\000B\000i\000l\000a\000n\000g\000a\000n\000\040\000K\000o\000m\000p\000l\000e\000k\000s}{chapter.4}% 40
\BOOKMARK [1][-]{section.4.4}{\376\377\000R\000i\000n\000g\000k\000a\000s\000a\000n\000\040\000B\000a\000b}{chapter.4}% 41
\BOOKMARK [1][-]{section.4.4}{\376\377\000S\000o\000a\000l\000\040\000A\000k\000h\000i\000r\000\040\000B\000a\000b\000\040\0004}{chapter.4}% 42
\BOOKMARK [2][-]{section*.10}{\376\377\000B\000a\000g\000i\000a\000n\000\040\000A}{section.4.4}% 43
\BOOKMARK [2][-]{Item.88}{\376\377\000B\000a\000g\000i\000a\000n\000\040\000B}{section.4.4}% 44
\BOOKMARK [2][-]{Item.95}{\376\377\000B\000a\000g\000i\000a\000n\000\040\000C}{section.4.4}% 45
\BOOKMARK [2][-]{Item.101}{\376\377\000B\000a\000g\000i\000a\000n\000\040\000D}{section.4.4}% 46
\BOOKMARK [0][-]{chapter.5}{\376\377\000P\000o\000l\000i\000n\000o\000m\000i\000a\000l\000\040\000\050\000S\000u\000k\000u\000\040\000B\000a\000n\000y\000a\000k\000\051}{part*.2}% 47
\BOOKMARK [1][-]{section*.11}{\376\377\000P\000e\000t\000a\000\040\000K\000o\000n\000s\000e\000p\000\040\000B\000a\000b}{chapter.5}% 48
\BOOKMARK [1][-]{section.5.1}{\376\377\000P\000e\000m\000b\000a\000g\000i\000a\000n\000,\000\040\000T\000e\000o\000r\000e\000m\000a\000\040\000S\000i\000s\000a\000,\000\040\000d\000a\000n\000\040\000F\000a\000k\000t\000o\000r}{chapter.5}% 49
\BOOKMARK [1][-]{section.5.2}{\376\377\000A\000k\000a\000r\000\040\000R\000a\000s\000i\000o\000n\000a\000l\000\040\000d\000a\000n\000\040\000M\000u\000l\000t\000i\000p\000l\000i\000s\000i\000t\000a\000s}{chapter.5}% 50
\BOOKMARK [1][-]{section.5.3}{\376\377\000H\000u\000b\000u\000n\000g\000a\000n\000\040\000A\000k\000a\000r\000\040\000d\000a\000n\000\040\000K\000o\000e\000f\000i\000s\000i\000e\000n\000\040\000\050\000V\000i\000e\000t\000a\000\051}{chapter.5}% 51
\BOOKMARK [1][-]{section.5.3}{\376\377\000R\000i\000n\000g\000k\000a\000s\000a\000n\000\040\000B\000a\000b}{chapter.5}% 52
\BOOKMARK [1][-]{section.5.3}{\376\377\000S\000o\000a\000l\000\040\000A\000k\000h\000i\000r\000\040\000B\000a\000b\000\040\0005}{chapter.5}% 53
\BOOKMARK [2][-]{section*.12}{\376\377\000B\000a\000g\000i\000a\000n\000\040\000A}{section.5.3}% 54
\BOOKMARK [2][-]{Item.114}{\376\377\000B\000a\000g\000i\000a\000n\000\040\000B}{section.5.3}% 55
\BOOKMARK [2][-]{Item.120}{\376\377\000B\000a\000g\000i\000a\000n\000\040\000C}{section.5.3}% 56
\BOOKMARK [2][-]{Item.126}{\376\377\000B\000a\000g\000i\000a\000n\000\040\000D}{section.5.3}% 57
\BOOKMARK [0][-]{chapter.6}{\376\377\000M\000a\000t\000r\000i\000k\000s}{part*.2}% 58
\BOOKMARK [1][-]{section*.13}{\376\377\000P\000e\000t\000a\000\040\000K\000o\000n\000s\000e\000p\000\040\000B\000a\000b}{chapter.6}% 59
\BOOKMARK [1][-]{section.6.1}{\376\377\000J\000e\000n\000i\000s\000\040\000M\000a\000t\000r\000i\000k\000s\000\040\000d\000a\000n\000\040\000O\000p\000e\000r\000a\000s\000i}{chapter.6}% 60
\BOOKMARK [1][-]{section.6.2}{\376\377\000D\000e\000t\000e\000r\000m\000i\000n\000a\000n\000\040\000O\000r\000d\000o\000\040\0002\000\040\000d\000a\000n\000\040\000O\000r\000d\000o\000\040\0003}{chapter.6}% 61
\BOOKMARK [1][-]{section.6.3}{\376\377\000K\000o\000f\000a\000k\000t\000o\000r\000,\000\040\000A\000d\000j\000o\000i\000n\000,\000\040\000d\000a\000n\000\040\000I\000n\000v\000e\000r\000s}{chapter.6}% 62
\BOOKMARK [1][-]{section.6.4}{\376\377\000P\000e\000n\000y\000e\000l\000e\000s\000a\000i\000a\000n\000\040\000S\000P\000L\000\040\000d\000e\000n\000g\000a\000n\000\040\000M\000a\000t\000r\000i\000k\000s}{chapter.6}% 63
\BOOKMARK [1][-]{section.6.4}{\376\377\000R\000i\000n\000g\000k\000a\000s\000a\000n\000\040\000B\000a\000b}{chapter.6}% 64
\BOOKMARK [1][-]{section.6.4}{\376\377\000S\000o\000a\000l\000\040\000A\000k\000h\000i\000r\000\040\000B\000a\000b\000\040\0006}{chapter.6}% 65
\BOOKMARK [2][-]{section*.14}{\376\377\000B\000a\000g\000i\000a\000n\000\040\000A}{section.6.4}% 66
\BOOKMARK [2][-]{Item.139}{\376\377\000B\000a\000g\000i\000a\000n\000\040\000B}{section.6.4}% 67
\BOOKMARK [2][-]{Item.146}{\376\377\000B\000a\000g\000i\000a\000n\000\040\000C}{section.6.4}% 68
\BOOKMARK [2][-]{Item.152}{\376\377\000B\000a\000g\000i\000a\000n\000\040\000D}{section.6.4}% 69
\BOOKMARK [0][-]{chapter.7}{\376\377\000G\000e\000o\000m\000e\000t\000r\000i\000\040\000T\000r\000a\000n\000s\000f\000o\000r\000m\000a\000s\000i}{part*.2}% 70
\BOOKMARK [1][-]{section*.15}{\376\377\000P\000e\000t\000a\000\040\000K\000o\000n\000s\000e\000p\000\040\000B\000a\000b}{chapter.7}% 71
\BOOKMARK [1][-]{section.7.1}{\376\377\000J\000e\000n\000i\000s\000-\000J\000e\000n\000i\000s\000\040\000T\000r\000a\000n\000s\000f\000o\000r\000m\000a\000s\000i}{chapter.7}% 72
\BOOKMARK [1][-]{section.7.2}{\376\377\000K\000o\000m\000p\000o\000s\000i\000s\000i\000\040\000T\000r\000a\000n\000s\000f\000o\000r\000m\000a\000s\000i}{chapter.7}% 73
\BOOKMARK [1][-]{section.7.2}{\376\377\000R\000i\000n\000g\000k\000a\000s\000a\000n\000\040\000B\000a\000b}{chapter.7}% 74
\BOOKMARK [1][-]{section.7.2}{\376\377\000S\000o\000a\000l\000\040\000A\000k\000h\000i\000r\000\040\000B\000a\000b\000\040\0007}{chapter.7}% 75
\BOOKMARK [2][-]{section*.16}{\376\377\000B\000a\000g\000i\000a\000n\000\040\000A}{section.7.2}% 76
\BOOKMARK [2][-]{Item.164}{\376\377\000B\000a\000g\000i\000a\000n\000\040\000B}{section.7.2}% 77
\BOOKMARK [2][-]{Item.171}{\376\377\000B\000a\000g\000i\000a\000n\000\040\000C}{section.7.2}% 78
\BOOKMARK [2][-]{Item.177}{\376\377\000B\000a\000g\000i\000a\000n\000\040\000D}{section.7.2}% 79
\BOOKMARK [0][-]{chapter.8}{\376\377\000A\000n\000a\000l\000i\000s\000i\000s\000\040\000G\000r\000a\000f\000i\000k\000\040\000F\000u\000n\000g\000s\000i}{part*.2}% 80
\BOOKMARK [1][-]{section*.17}{\376\377\000P\000e\000t\000a\000\040\000K\000o\000n\000s\000e\000p\000\040\000B\000a\000b}{chapter.8}% 81
\BOOKMARK [1][-]{section.8.1}{\376\377\000G\000a\000l\000e\000r\000i\000\040\000d\000a\000n\000\040\000C\000i\000r\000i\000\040\000F\000u\000n\000g\000s\000i}{chapter.8}% 82
\BOOKMARK [1][-]{section.8.2}{\376\377\000T\000r\000a\000n\000s\000f\000o\000r\000m\000a\000s\000i\000\040\000d\000a\000n\000\040\000S\000i\000m\000e\000t\000r\000i\000\040\000G\000r\000a\000f\000i\000k}{chapter.8}% 83
\BOOKMARK [1][-]{section.8.2}{\376\377\000R\000i\000n\000g\000k\000a\000s\000a\000n\000\040\000B\000a\000b}{chapter.8}% 84
\BOOKMARK [1][-]{section.8.2}{\376\377\000S\000o\000a\000l\000\040\000A\000k\000h\000i\000r\000\040\000B\000a\000b\000\040\0008}{chapter.8}% 85
\BOOKMARK [2][-]{section*.18}{\376\377\000B\000a\000g\000i\000a\000n\000\040\000A}{section.8.2}% 86
\BOOKMARK [2][-]{Item.189}{\376\377\000B\000a\000g\000i\000a\000n\000\040\000B}{section.8.2}% 87
\BOOKMARK [2][-]{Item.195}{\376\377\000B\000a\000g\000i\000a\000n\000\040\000C}{section.8.2}% 88
\BOOKMARK [2][-]{Item.201}{\376\377\000B\000a\000g\000i\000a\000n\000\040\000D}{section.8.2}% 89
\BOOKMARK [0][-]{chapter.9}{\376\377\000F\000u\000n\000g\000s\000i\000\040\000R\000a\000s\000i\000o\000n\000a\000l}{part*.2}% 90
\BOOKMARK [1][-]{section*.19}{\376\377\000P\000e\000t\000a\000\040\000K\000o\000n\000s\000e\000p\000\040\000B\000a\000b}{chapter.9}% 91
\BOOKMARK [1][-]{section.9.1}{\376\377\000D\000o\000m\000a\000i\000n\000\040\000d\000a\000n\000\040\000A\000s\000i\000m\000t\000o\000t}{chapter.9}% 92
\BOOKMARK [1][-]{section.9.2}{\376\377\000G\000r\000a\000f\000i\000k\000\040\000F\000u\000n\000g\000s\000i\000\040\000R\000a\000s\000i\000o\000n\000a\000l}{chapter.9}% 93
\BOOKMARK [1][-]{section.9.3}{\376\377\000P\000e\000r\000s\000a\000m\000a\000a\000n\000\040\000d\000a\000n\000\040\000P\000e\000r\000t\000i\000d\000a\000k\000s\000a\000m\000a\000a\000n\000\040\000R\000a\000s\000i\000o\000n\000a\000l}{chapter.9}% 94
\BOOKMARK [1][-]{section.9.3}{\376\377\000R\000i\000n\000g\000k\000a\000s\000a\000n\000\040\000B\000a\000b}{chapter.9}% 95
\BOOKMARK [1][-]{section.9.3}{\376\377\000S\000o\000a\000l\000\040\000A\000k\000h\000i\000r\000\040\000B\000a\000b\000\040\0009}{chapter.9}% 96
\BOOKMARK [2][-]{section*.20}{\376\377\000B\000a\000g\000i\000a\000n\000\040\000A}{section.9.3}% 97
\BOOKMARK [2][-]{Item.221}{\376\377\000B\000a\000g\000i\000a\000n\000\040\000B}{section.9.3}% 98
\BOOKMARK [2][-]{Item.226}{\376\377\000B\000a\000g\000i\000a\000n\000\040\000C}{section.9.3}% 99
\BOOKMARK [2][-]{Item.231}{\376\377\000B\000a\000g\000i\000a\000n\000\040\000D}{section.9.3}% 100
\BOOKMARK [0][-]{chapter.10}{\376\377\000N\000i\000l\000a\000i\000\040\000M\000u\000t\000l\000a\000k\000\040\000d\000a\000n\000\040\000B\000e\000n\000t\000u\000k\000\040\000I\000r\000a\000s\000i\000o\000n\000a\000l}{part*.2}% 101
\BOOKMARK [1][-]{section*.21}{\376\377\000P\000e\000t\000a\000\040\000K\000o\000n\000s\000e\000p\000\040\000B\000a\000b}{chapter.10}% 102
\BOOKMARK [1][-]{section.10.1}{\376\377\000N\000i\000l\000a\000i\000\040\000M\000u\000t\000l\000a\000k}{chapter.10}% 103
\BOOKMARK [1][-]{section.10.2}{\376\377\000B\000e\000n\000t\000u\000k\000\040\000A\000k\000a\000r\000\040\000\050\000I\000r\000a\000s\000i\000o\000n\000a\000l\000\051}{chapter.10}% 104
\BOOKMARK [1][-]{section.10.2}{\376\377\000R\000i\000n\000g\000k\000a\000s\000a\000n\000\040\000B\000a\000b}{chapter.10}% 105
\BOOKMARK [1][-]{section.10.2}{\376\377\000S\000o\000a\000l\000\040\000A\000k\000h\000i\000r\000\040\000B\000a\000b\000\040\0001\0000}{chapter.10}% 106
\BOOKMARK [2][-]{section*.22}{\376\377\000B\000a\000g\000i\000a\000n\000\040\000A}{section.10.2}% 107
\BOOKMARK [2][-]{Item.249}{\376\377\000B\000a\000g\000i\000a\000n\000\040\000B}{section.10.2}% 108
\BOOKMARK [2][-]{Item.254}{\376\377\000B\000a\000g\000i\000a\000n\000\040\000C}{section.10.2}% 109
\BOOKMARK [2][-]{Item.259}{\376\377\000B\000a\000g\000i\000a\000n\000\040\000D}{section.10.2}% 110
\BOOKMARK [0][-]{chapter.11}{\376\377\000P\000e\000m\000o\000d\000e\000l\000a\000n\000\040\000M\000a\000t\000e\000m\000a\000t\000i\000k\000a}{part*.2}% 111
\BOOKMARK [1][-]{section*.23}{\376\377\000P\000e\000t\000a\000\040\000K\000o\000n\000s\000e\000p\000\040\000B\000a\000b}{chapter.11}% 112
\BOOKMARK [1][-]{section.11.1}{\376\377\000M\000e\000m\000i\000l\000i\000h\000\040\000d\000a\000n\000\040\000M\000e\000n\000y\000u\000s\000u\000n\000\040\000M\000o\000d\000e\000l}{chapter.11}% 113
\BOOKMARK [1][-]{section.11.2}{\376\377\000P\000e\000r\000t\000u\000m\000b\000u\000h\000a\000n\000,\000\040\000P\000e\000l\000u\000r\000u\000h\000a\000n\000,\000\040\000d\000a\000n\000\040\000K\000e\000t\000e\000r\000b\000a\000t\000a\000s\000a\000n}{chapter.11}% 114
\BOOKMARK [1][-]{section.11.2}{\376\377\000R\000i\000n\000g\000k\000a\000s\000a\000n\000\040\000B\000a\000b}{chapter.11}% 115
\BOOKMARK [1][-]{section.11.2}{\376\377\000S\000o\000a\000l\000\040\000A\000k\000h\000i\000r\000\040\000B\000a\000b\000\040\0001\0001}{chapter.11}% 116
\BOOKMARK [2][-]{section*.24}{\376\377\000B\000a\000g\000i\000a\000n\000\040\000A}{section.11.2}% 117
\BOOKMARK [2][-]{Item.272}{\376\377\000B\000a\000g\000i\000a\000n\000\040\000B}{section.11.2}% 118
\BOOKMARK [2][-]{Item.278}{\376\377\000B\000a\000g\000i\000a\000n\000\040\000C}{section.11.2}% 119
\BOOKMARK [2][-]{Item.284}{\376\377\000B\000a\000g\000i\000a\000n\000\040\000D}{section.11.2}% 120
\BOOKMARK [0][-]{chapter.12}{\376\377\000T\000r\000i\000g\000o\000n\000o\000m\000e\000t\000r\000i\000\040\000L\000a\000n\000j\000u\000t\000a\000n}{part*.2}% 121
\BOOKMARK [1][-]{section*.25}{\376\377\000P\000e\000t\000a\000\040\000K\000o\000n\000s\000e\000p\000\040\000B\000a\000b}{chapter.12}% 122
\BOOKMARK [1][-]{section.12.1}{\376\377\000L\000i\000n\000g\000k\000a\000r\000a\000n\000\040\000S\000a\000t\000u\000a\000n\000\040\000d\000a\000n\000\040\000I\000d\000e\000n\000t\000i\000t\000a\000s\000\040\000D\000a\000s\000a\000r}{chapter.12}% 123
\BOOKMARK [1][-]{section.12.2}{\376\377\000R\000u\000m\000u\000s\000\040\000J\000u\000m\000l\000a\000h\000,\000\040\000S\000e\000l\000i\000s\000i\000h\000,\000\040\000S\000u\000d\000u\000t\000\040\000R\000a\000n\000g\000k\000a\000p\000,\000\040\000d\000a\000n\000\040\000P\000a\000r\000u\000h}{chapter.12}% 124
\BOOKMARK [1][-]{section.12.3}{\376\377\000P\000e\000r\000s\000a\000m\000a\000a\000n\000\040\000d\000a\000n\000\040\000P\000e\000r\000t\000i\000d\000a\000k\000s\000a\000m\000a\000a\000n\000\040\000T\000r\000i\000g\000o\000n\000o\000m\000e\000t\000r\000i}{chapter.12}% 125
\BOOKMARK [1][-]{section.12.4}{\376\377\000A\000t\000u\000r\000a\000n\000\040\000S\000i\000n\000u\000s\000\040\000d\000a\000n\000\040\000C\000o\000s\000i\000n\000u\000s}{chapter.12}% 126
\BOOKMARK [1][-]{section.12.4}{\376\377\000R\000i\000n\000g\000k\000a\000s\000a\000n\000\040\000B\000a\000b}{chapter.12}% 127
\BOOKMARK [1][-]{section.12.4}{\376\377\000S\000o\000a\000l\000\040\000A\000k\000h\000i\000r\000\040\000B\000a\000b\000\040\0001\0002}{chapter.12}% 128
\BOOKMARK [2][-]{section*.26}{\376\377\000B\000a\000g\000i\000a\000n\000\040\000A}{section.12.4}% 129
\BOOKMARK [2][-]{Item.295}{\376\377\000B\000a\000g\000i\000a\000n\000\040\000B}{section.12.4}% 130
\BOOKMARK [2][-]{Item.302}{\376\377\000B\000a\000g\000i\000a\000n\000\040\000C}{section.12.4}% 131
\BOOKMARK [2][-]{Item.308}{\376\377\000B\000a\000g\000i\000a\000n\000\040\000D}{section.12.4}% 132
\BOOKMARK [0][-]{chapter.13}{\376\377\000L\000o\000g\000i\000k\000a\000\040\000M\000a\000t\000e\000m\000a\000t\000i\000k\000a}{part*.2}% 133
\BOOKMARK [1][-]{section*.27}{\376\377\000P\000e\000t\000a\000\040\000K\000o\000n\000s\000e\000p\000\040\000B\000a\000b}{chapter.13}% 134
\BOOKMARK [1][-]{section.13.1}{\376\377\000P\000r\000o\000p\000o\000s\000i\000s\000i\000\040\000d\000a\000n\000\040\000O\000p\000e\000r\000a\000t\000o\000r\000\040\000L\000o\000g\000i\000k\000a}{chapter.13}% 135
\BOOKMARK [1][-]{section.13.2}{\376\377\000K\000o\000n\000v\000e\000r\000s\000,\000\040\000I\000n\000v\000e\000r\000s\000,\000\040\000K\000o\000n\000t\000r\000a\000p\000o\000s\000i\000s\000i\000,\000\040\000d\000a\000n\000\040\000E\000k\000u\000i\000v\000a\000l\000e\000n\000s\000i}{chapter.13}% 136
\BOOKMARK [1][-]{section.13.3}{\376\377\000K\000u\000a\000n\000t\000o\000r}{chapter.13}% 137
\BOOKMARK [1][-]{section.13.4}{\376\377\000M\000e\000t\000o\000d\000e\000\040\000P\000e\000m\000b\000u\000k\000t\000i\000a\000n}{chapter.13}% 138
\BOOKMARK [1][-]{section.13.4}{\376\377\000R\000i\000n\000g\000k\000a\000s\000a\000n\000\040\000B\000a\000b}{chapter.13}% 139
\BOOKMARK [1][-]{section.13.4}{\376\377\000S\000o\000a\000l\000\040\000A\000k\000h\000i\000r\000\040\000B\000a\000b\000\040\0001\0003}{chapter.13}% 140
\BOOKMARK [2][-]{section*.28}{\376\377\000B\000a\000g\000i\000a\000n\000\040\000A}{section.13.4}% 141
\BOOKMARK [2][-]{Item.325}{\376\377\000B\000a\000g\000i\000a\000n\000\040\000B}{section.13.4}% 142
\BOOKMARK [2][-]{Item.330}{\376\377\000B\000a\000g\000i\000a\000n\000\040\000C}{section.13.4}% 143
\BOOKMARK [2][-]{Item.335}{\376\377\000B\000a\000g\000i\000a\000n\000\040\000D}{section.13.4}% 144
\BOOKMARK [0][-]{chapter.14}{\376\377\000I\000n\000d\000u\000k\000s\000i\000\040\000M\000a\000t\000e\000m\000a\000t\000i\000k\000a}{part*.2}% 145
\BOOKMARK [1][-]{section*.29}{\376\377\000P\000e\000t\000a\000\040\000K\000o\000n\000s\000e\000p\000\040\000B\000a\000b}{chapter.14}% 146
\BOOKMARK [1][-]{section.14.1}{\376\377\000P\000r\000i\000n\000s\000i\000p\000\040\000I\000n\000d\000u\000k\000s\000i\000\040\000M\000a\000t\000e\000m\000a\000t\000i\000k\000a}{chapter.14}% 147
\BOOKMARK [1][-]{section.14.2}{\376\377\000P\000e\000m\000b\000u\000k\000t\000i\000a\000n\000\040\000K\000e\000t\000e\000r\000b\000a\000g\000i\000a\000n\000\040\000d\000a\000n\000\040\000K\000e\000t\000a\000k\000s\000a\000m\000a\000a\000n}{chapter.14}% 148
\BOOKMARK [1][-]{section.14.3}{\376\377\000I\000n\000d\000u\000k\000s\000i\000\040\000p\000a\000d\000a\000\040\000B\000a\000r\000i\000s\000a\000n\000\040\000d\000a\000n\000\040\000M\000a\000t\000r\000i\000k\000s}{chapter.14}% 149
\BOOKMARK [1][-]{section.14.3}{\376\377\000R\000i\000n\000g\000k\000a\000s\000a\000n\000\040\000B\000a\000b}{chapter.14}% 150
\BOOKMARK [1][-]{section.14.3}{\376\377\000S\000o\000a\000l\000\040\000A\000k\000h\000i\000r\000\040\000B\000a\000b\000\040\0001\0004}{chapter.14}% 151
\BOOKMARK [2][-]{section*.30}{\376\377\000B\000a\000g\000i\000a\000n\000\040\000A}{section.14.3}% 152
\BOOKMARK [2][-]{Item.355}{\376\377\000B\000a\000g\000i\000a\000n\000\040\000B}{section.14.3}% 153
\BOOKMARK [2][-]{Item.360}{\376\377\000B\000a\000g\000i\000a\000n\000\040\000C}{section.14.3}% 154
\BOOKMARK [2][-]{Item.365}{\376\377\000B\000a\000g\000i\000a\000n\000\040\000D}{section.14.3}% 155
\BOOKMARK [-1][-]{part*.31}{\376\377\000F\000A\000S\000E\000\040\000F\000\040\040\024\000\040\000K\000E\000L\000A\000S\000\040\0001\0002}{}% 156
\BOOKMARK [0][-]{chapter.15}{\376\377\000A\000t\000u\000r\000a\000n\000\040\000P\000e\000n\000c\000a\000c\000a\000h\000a\000n}{part*.31}% 157
\BOOKMARK [1][-]{section*.32}{\376\377\000P\000e\000t\000a\000\040\000K\000o\000n\000s\000e\000p\000\040\000B\000a\000b}{chapter.15}% 158
\BOOKMARK [1][-]{section.15.1}{\376\377\000A\000t\000u\000r\000a\000n\000\040\000P\000e\000n\000j\000u\000m\000l\000a\000h\000a\000n\000\040\000d\000a\000n\000\040\000P\000e\000r\000k\000a\000l\000i\000a\000n}{chapter.15}% 159
\BOOKMARK [1][-]{section.15.2}{\376\377\000F\000a\000k\000t\000o\000r\000i\000a\000l\000\040\000d\000a\000n\000\040\000P\000e\000r\000m\000u\000t\000a\000s\000i}{chapter.15}% 160
\BOOKMARK [1][-]{section.15.3}{\376\377\000K\000o\000m\000b\000i\000n\000a\000s\000i\000\040\000d\000a\000n\000\040\000B\000i\000n\000o\000m\000i\000a\000l\000\040\000N\000e\000w\000t\000o\000n}{chapter.15}% 161
\BOOKMARK [1][-]{section.15.3}{\376\377\000R\000i\000n\000g\000k\000a\000s\000a\000n\000\040\000B\000a\000b}{chapter.15}% 162
\BOOKMARK [1][-]{section.15.3}{\376\377\000S\000o\000a\000l\000\040\000A\000k\000h\000i\000r\000\040\000B\000a\000b\000\040\0001\0005}{chapter.15}% 163
\BOOKMARK [2][-]{section*.33}{\376\377\000B\000a\000g\000i\000a\000n\000\040\000A}{section.15.3}% 164
\BOOKMARK [2][-]{Item.383}{\376\377\000B\000a\000g\000i\000a\000n\000\040\000B}{section.15.3}% 165
\BOOKMARK [2][-]{Item.388}{\376\377\000B\000a\000g\000i\000a\000n\000\040\000C}{section.15.3}% 166
\BOOKMARK [2][-]{Item.393}{\376\377\000B\000a\000g\000i\000a\000n\000\040\000D}{section.15.3}% 167
\BOOKMARK [0][-]{chapter.16}{\376\377\000P\000e\000l\000u\000a\000n\000g}{part*.31}% 168
\BOOKMARK [1][-]{section*.34}{\376\377\000P\000e\000t\000a\000\040\000K\000o\000n\000s\000e\000p\000\040\000B\000a\000b}{chapter.16}% 169
\BOOKMARK [1][-]{section.16.1}{\376\377\000R\000u\000a\000n\000g\000\040\000S\000a\000m\000p\000e\000l\000,\000\040\000K\000e\000j\000a\000d\000i\000a\000n\000,\000\040\000d\000a\000n\000\040\000P\000e\000l\000u\000a\000n\000g\000\040\000D\000a\000s\000a\000r}{chapter.16}% 170
\BOOKMARK [1][-]{section.16.2}{\376\377\000K\000o\000m\000p\000l\000e\000m\000e\000n\000\040\000d\000a\000n\000\040\000P\000e\000l\000u\000a\000n\000g\000\040\000G\000a\000b\000u\000n\000g\000a\000n}{chapter.16}% 171
\BOOKMARK [1][-]{section.16.3}{\376\377\000P\000e\000l\000u\000a\000n\000g\000\040\000B\000e\000r\000s\000y\000a\000r\000a\000t\000,\000\040\000I\000n\000d\000e\000p\000e\000n\000d\000e\000n\000s\000i\000,\000\040\000d\000a\000n\000\040\000T\000e\000o\000r\000e\000m\000a\000\040\000B\000a\000y\000e\000s}{chapter.16}% 172
\BOOKMARK [1][-]{section.16.3}{\376\377\000R\000i\000n\000g\000k\000a\000s\000a\000n\000\040\000B\000a\000b}{chapter.16}% 173
\BOOKMARK [1][-]{section.16.3}{\376\377\000S\000o\000a\000l\000\040\000A\000k\000h\000i\000r\000\040\000B\000a\000b\000\040\0001\0006}{chapter.16}% 174
\BOOKMARK [2][-]{section*.35}{\376\377\000B\000a\000g\000i\000a\000n\000\040\000A}{section.16.3}% 175
\BOOKMARK [2][-]{Item.411}{\376\377\000B\000a\000g\000i\000a\000n\000\040\000B}{section.16.3}% 176
\BOOKMARK [2][-]{Item.416}{\376\377\000B\000a\000g\000i\000a\000n\000\040\000C}{section.16.3}% 177
\BOOKMARK [2][-]{Item.421}{\376\377\000B\000a\000g\000i\000a\000n\000\040\000D}{section.16.3}% 178
\BOOKMARK [0][-]{chapter.17}{\376\377\000I\000r\000i\000s\000a\000n\000\040\000K\000e\000r\000u\000c\000u\000t}{part*.31}% 179
\BOOKMARK [1][-]{section*.36}{\376\377\000P\000e\000t\000a\000\040\000K\000o\000n\000s\000e\000p\000\040\000B\000a\000b}{chapter.17}% 180
\BOOKMARK [1][-]{section.17.1}{\376\377\000B\000e\000n\000t\000u\000k\000\040\000B\000a\000k\000u\000\040\000d\000a\000n\000\040\000U\000n\000s\000u\000r\000-\000U\000n\000s\000u\000r\000n\000y\000a}{chapter.17}% 181
\BOOKMARK [1][-]{section.17.2}{\376\377\000B\000e\000n\000t\000u\000k\000\040\000B\000e\000r\000g\000e\000s\000e\000r\000\040\000\050\000P\000u\000s\000a\000t\000\040\000B\000u\000k\000a\000n\000\040\000d\000i\000\040\000O\000\051}{chapter.17}% 182
\BOOKMARK [1][-]{section.17.3}{\376\377\000G\000e\000o\000m\000e\000t\000r\000i\000\040\000A\000n\000a\000l\000i\000t\000i\000k\000\040\000L\000a\000n\000j\000u\000t\000a\000n\000:\000\040\000S\000u\000m\000b\000u\000\040\000R\000a\000d\000i\000k\000a\000l\000\040\000d\000a\000n\000\040\000B\000e\000r\000k\000a\000s\000\040\000L\000i\000n\000g\000k\000a\000r\000a\000n}{chapter.17}% 183
\BOOKMARK [1][-]{section.17.3}{\376\377\000R\000i\000n\000g\000k\000a\000s\000a\000n\000\040\000B\000a\000b}{chapter.17}% 184
\BOOKMARK [1][-]{section.17.3}{\376\377\000S\000o\000a\000l\000\040\000A\000k\000h\000i\000r\000\040\000B\000a\000b\000\040\0001\0007}{chapter.17}% 185
\BOOKMARK [2][-]{section*.37}{\376\377\000B\000a\000g\000i\000a\000n\000\040\000A}{section.17.3}% 186
\BOOKMARK [2][-]{Item.434}{\376\377\000B\000a\000g\000i\000a\000n\000\040\000B}{section.17.3}% 187
\BOOKMARK [2][-]{Item.440}{\376\377\000B\000a\000g\000i\000a\000n\000\040\000C}{section.17.3}% 188
\BOOKMARK [2][-]{Item.446}{\376\377\000B\000a\000g\000i\000a\000n\000\040\000D}{section.17.3}% 189
\BOOKMARK [0][-]{chapter.18}{\376\377\000L\000i\000m\000i\000t\000\040\000F\000u\000n\000g\000s\000i}{part*.31}% 190
\BOOKMARK [1][-]{section*.38}{\376\377\000P\000e\000t\000a\000\040\000K\000o\000n\000s\000e\000p\000\040\000B\000a\000b}{chapter.18}% 191
\BOOKMARK [1][-]{section.18.1}{\376\377\000K\000o\000n\000s\000e\000p\000\040\000L\000i\000m\000i\000t\000\040\000d\000a\000n\000\040\000L\000i\000m\000i\000t\000\040\000S\000e\000p\000i\000h\000a\000k}{chapter.18}% 192
\BOOKMARK [1][-]{section.18.2}{\376\377\000B\000e\000n\000t\000u\000k\000\040\000T\000a\000k\000\040\000T\000e\000n\000t\000u\000\040\000d\000a\000n\000\040\000T\000e\000k\000n\000i\000k\000n\000y\000a}{chapter.18}% 193
\BOOKMARK [1][-]{section.18.3}{\376\377\000A\000t\000u\000r\000a\000n\000\040\000L\000'\000H\000\364\000p\000i\000t\000a\000l}{chapter.18}% 194
\BOOKMARK [1][-]{section.18.4}{\376\377\000L\000i\000m\000i\000t\000\040\000F\000u\000n\000g\000s\000i\000\040\000T\000r\000i\000g\000o\000n\000o\000m\000e\000t\000r\000i}{chapter.18}% 195
\BOOKMARK [1][-]{section.18.5}{\376\377\000L\000i\000m\000i\000t\000\040\000E\000k\000s\000p\000o\000n\000e\000n\000s\000i\000a\000l\000\040\000d\000a\000n\000\040\000L\000o\000g\000a\000r\000i\000t\000m\000a}{chapter.18}% 196
\BOOKMARK [1][-]{section.18.6}{\376\377\000A\000s\000i\000m\000t\000o\000t\000\040\000d\000a\000r\000i\000\040\000L\000i\000m\000i\000t}{chapter.18}% 197
\BOOKMARK [1][-]{section.18.6}{\376\377\000R\000i\000n\000g\000k\000a\000s\000a\000n\000\040\000B\000a\000b}{chapter.18}% 198
\BOOKMARK [1][-]{section.18.6}{\376\377\000S\000o\000a\000l\000\040\000A\000k\000h\000i\000r\000\040\000B\000a\000b\000\040\0001\0008}{chapter.18}% 199
\BOOKMARK [2][-]{section*.39}{\376\377\000B\000a\000g\000i\000a\000n\000\040\000A}{section.18.6}% 200
\BOOKMARK [2][-]{Item.458}{\376\377\000B\000a\000g\000i\000a\000n\000\040\000B}{section.18.6}% 201
\BOOKMARK [2][-]{Item.466}{\376\377\000B\000a\000g\000i\000a\000n\000\040\000C}{section.18.6}% 202
\BOOKMARK [2][-]{Item.474}{\376\377\000B\000a\000g\000i\000a\000n\000\040\000D}{section.18.6}% 203
\BOOKMARK [0][-]{chapter.19}{\376\377\000T\000u\000r\000u\000n\000a\000n\000\040\000F\000u\000n\000g\000s\000i}{part*.31}% 204
\BOOKMARK [1][-]{section*.40}{\376\377\000P\000e\000t\000a\000\040\000K\000o\000n\000s\000e\000p\000\040\000B\000a\000b}{chapter.19}% 205
\BOOKMARK [1][-]{section.19.1}{\376\377\000D\000e\000f\000i\000n\000i\000s\000i\000\040\000d\000a\000n\000\040\000A\000t\000u\000r\000a\000n\000\040\000T\000u\000r\000u\000n\000a\000n}{chapter.19}% 206
\BOOKMARK [1][-]{section.19.2}{\376\377\000P\000e\000n\000e\000r\000a\000p\000a\000n\000:\000\040\000G\000a\000r\000i\000s\000\040\000S\000i\000n\000g\000g\000u\000n\000g\000\040\000d\000a\000n\000\040\000O\000p\000t\000i\000m\000a\000s\000i}{chapter.19}% 207
\BOOKMARK [1][-]{section.19.3}{\376\377\000T\000u\000r\000u\000n\000a\000n\000\040\000I\000m\000p\000l\000i\000s\000i\000t}{chapter.19}% 208
\BOOKMARK [1][-]{section.19.4}{\376\377\000K\000e\000m\000o\000n\000o\000t\000o\000n\000a\000n\000,\000\040\000K\000e\000c\000e\000k\000u\000n\000g\000a\000n\000,\000\040\000d\000a\000n\000\040\000T\000i\000t\000i\000k\000\040\000B\000e\000l\000o\000k}{chapter.19}% 209
\BOOKMARK [1][-]{section.19.4}{\376\377\000R\000i\000n\000g\000k\000a\000s\000a\000n\000\040\000B\000a\000b}{chapter.19}% 210
\BOOKMARK [1][-]{section.19.4}{\376\377\000S\000o\000a\000l\000\040\000A\000k\000h\000i\000r\000\040\000B\000a\000b\000\040\0001\0009}{chapter.19}% 211
\BOOKMARK [2][-]{section*.41}{\376\377\000B\000a\000g\000i\000a\000n\000\040\000A}{section.19.4}% 212
\BOOKMARK [2][-]{Item.486}{\376\377\000B\000a\000g\000i\000a\000n\000\040\000B}{section.19.4}% 213
\BOOKMARK [2][-]{Item.493}{\376\377\000B\000a\000g\000i\000a\000n\000\040\000C}{section.19.4}% 214
\BOOKMARK [2][-]{Item.499}{\376\377\000B\000a\000g\000i\000a\000n\000\040\000D}{section.19.4}% 215
\BOOKMARK [0][-]{chapter.20}{\376\377\000I\000n\000t\000e\000g\000r\000a\000l}{part*.31}% 216
\BOOKMARK [1][-]{section*.42}{\376\377\000P\000e\000t\000a\000\040\000K\000o\000n\000s\000e\000p\000\040\000B\000a\000b}{chapter.20}% 217
\BOOKMARK [1][-]{section.20.1}{\376\377\000I\000n\000t\000e\000g\000r\000a\000l\000\040\000T\000a\000k\000\040\000T\000e\000n\000t\000u\000\040\000d\000a\000n\000\040\000T\000e\000n\000t\000u}{chapter.20}% 218
\BOOKMARK [1][-]{section.20.2}{\376\377\000S\000u\000b\000s\000t\000i\000t\000u\000s\000i\000,\000\040\000L\000u\000a\000s\000,\000\040\000d\000a\000n\000\040\000T\000e\000o\000r\000e\000m\000a\000\040\000D\000a\000s\000a\000r}{chapter.20}% 219
\BOOKMARK [1][-]{section.20.3}{\376\377\000T\000e\000k\000n\000i\000k\000\040\000L\000a\000n\000j\000u\000t\000a\000n\000:\000\040\000P\000a\000r\000s\000i\000a\000l\000,\000\040\000T\000r\000i\000g\000o\000n\000o\000m\000e\000t\000r\000i\000,\000\040\000d\000a\000n\000\040\000R\000a\000s\000i\000o\000n\000a\000l}{chapter.20}% 220
\BOOKMARK [1][-]{section.20.4}{\376\377\000V\000o\000l\000u\000m\000e\000\040\000B\000e\000n\000d\000a\000\040\000P\000u\000t\000a\000r\000\040\000d\000a\000n\000\040\000P\000a\000n\000j\000a\000n\000g\000\040\000K\000u\000r\000v\000a}{chapter.20}% 221
\BOOKMARK [1][-]{section.20.4}{\376\377\000R\000i\000n\000g\000k\000a\000s\000a\000n\000\040\000B\000a\000b}{chapter.20}% 222
\BOOKMARK [1][-]{section.20.4}{\376\377\000S\000o\000a\000l\000\040\000A\000k\000h\000i\000r\000\040\000B\000a\000b\000\040\0002\0000}{chapter.20}% 223
\BOOKMARK [2][-]{section*.43}{\376\377\000B\000a\000g\000i\000a\000n\000\040\000A}{section.20.4}% 224
\BOOKMARK [2][-]{Item.511}{\376\377\000B\000a\000g\000i\000a\000n\000\040\000B}{section.20.4}% 225
\BOOKMARK [2][-]{Item.517}{\376\377\000B\000a\000g\000i\000a\000n\000\040\000C}{section.20.4}% 226
\BOOKMARK [2][-]{Item.523}{\376\377\000B\000a\000g\000i\000a\000n\000\040\000D}{section.20.4}% 227
\BOOKMARK [0][-]{chapter.21}{\376\377\000D\000i\000s\000t\000r\000i\000b\000u\000s\000i\000\040\000B\000i\000n\000o\000m\000i\000a\000l}{part*.31}% 228
\BOOKMARK [1][-]{section*.44}{\376\377\000P\000e\000t\000a\000\040\000K\000o\000n\000s\000e\000p\000\040\000B\000a\000b}{chapter.21}% 229
\BOOKMARK [1][-]{section.21.1}{\376\377\000P\000e\000r\000c\000o\000b\000a\000a\000n\000\040\000B\000e\000r\000n\000o\000u\000l\000l\000i\000\040\000d\000a\000n\000\040\000D\000i\000s\000t\000r\000i\000b\000u\000s\000i\000\040\000B\000i\000n\000o\000m\000i\000a\000l}{chapter.21}% 230
\BOOKMARK [1][-]{section.21.2}{\376\377\000N\000i\000l\000a\000i\000\040\000H\000a\000r\000a\000p\000a\000n\000\040\000d\000a\000n\000\040\000V\000a\000r\000i\000a\000n\000s\000i}{chapter.21}% 231
\BOOKMARK [1][-]{section.21.3}{\376\377\000A\000p\000l\000i\000k\000a\000s\000i\000\040\000D\000i\000s\000t\000r\000i\000b\000u\000s\000i\000\040\000B\000i\000n\000o\000m\000i\000a\000l}{chapter.21}% 232
\BOOKMARK [1][-]{section.21.3}{\376\377\000R\000i\000n\000g\000k\000a\000s\000a\000n\000\040\000B\000a\000b}{chapter.21}% 233
\BOOKMARK [1][-]{section.21.3}{\376\377\000S\000o\000a\000l\000\040\000A\000k\000h\000i\000r\000\040\000B\000a\000b\000\040\0002\0001}{chapter.21}% 234
\BOOKMARK [2][-]{section*.45}{\376\377\000B\000a\000g\000i\000a\000n\000\040\000A}{section.21.3}% 235
\BOOKMARK [2][-]{Item.543}{\376\377\000B\000a\000g\000i\000a\000n\000\040\000B}{section.21.3}% 236
\BOOKMARK [2][-]{Item.548}{\376\377\000B\000a\000g\000i\000a\000n\000\040\000C}{section.21.3}% 237
\BOOKMARK [2][-]{Item.553}{\376\377\000B\000a\000g\000i\000a\000n\000\040\000D}{section.21.3}% 238
\BOOKMARK [0][-]{chapter.22}{\376\377\000D\000i\000s\000t\000r\000i\000b\000u\000s\000i\000\040\000N\000o\000r\000m\000a\000l\000\040\000d\000a\000n\000\040\000U\000j\000i\000\040\000H\000i\000p\000o\000t\000e\000s\000i\000s}{part*.31}% 239
\BOOKMARK [1][-]{section*.46}{\376\377\000P\000e\000t\000a\000\040\000K\000o\000n\000s\000e\000p\000\040\000B\000a\000b}{chapter.22}% 240
\BOOKMARK [1][-]{section.22.1}{\376\377\000K\000u\000r\000v\000a\000\040\000N\000o\000r\000m\000a\000l\000\040\000d\000a\000n\000\040\000S\000k\000o\000r\000-\000z}{chapter.22}% 241
\BOOKMARK [1][-]{section.22.2}{\376\377\000I\000n\000t\000e\000r\000p\000r\000e\000t\000a\000s\000i\000\040\000K\000u\000r\000v\000a\000:\000\040\000A\000t\000u\000r\000a\000n\000\040\000E\000m\000p\000i\000r\000i\000s}{chapter.22}% 242
\BOOKMARK [1][-]{section.22.3}{\376\377\000U\000j\000i\000\040\000H\000i\000p\000o\000t\000e\000s\000i\000s}{chapter.22}% 243
\BOOKMARK [1][-]{section.22.3}{\376\377\000R\000i\000n\000g\000k\000a\000s\000a\000n\000\040\000B\000a\000b}{chapter.22}% 244
\BOOKMARK [1][-]{section.22.3}{\376\377\000S\000o\000a\000l\000\040\000A\000k\000h\000i\000r\000\040\000B\000a\000b\000\040\0002\0002}{chapter.22}% 245
\BOOKMARK [2][-]{section*.47}{\376\377\000B\000a\000g\000i\000a\000n\000\040\000A}{section.22.3}% 246
\BOOKMARK [2][-]{Item.571}{\376\377\000B\000a\000g\000i\000a\000n\000\040\000B}{section.22.3}% 247
\BOOKMARK [2][-]{Item.576}{\376\377\000B\000a\000g\000i\000a\000n\000\040\000C}{section.22.3}% 248
\BOOKMARK [2][-]{Item.581}{\376\377\000B\000a\000g\000i\000a\000n\000\040\000D}{section.22.3}% 249
\BOOKMARK [0][-]{chapter.23}{\376\377\000D\000i\000m\000e\000n\000s\000i\000\040\000T\000i\000g\000a}{part*.31}% 250
\BOOKMARK [1][-]{section*.48}{\376\377\000P\000e\000t\000a\000\040\000K\000o\000n\000s\000e\000p\000\040\000B\000a\000b}{chapter.23}% 251
\BOOKMARK [1][-]{section.23.1}{\376\377\000T\000i\000t\000i\000k\000,\000\040\000G\000a\000r\000i\000s\000,\000\040\000B\000i\000d\000a\000n\000g\000,\000\040\000d\000a\000n\000\040\000K\000e\000d\000u\000d\000u\000k\000a\000n\000n\000y\000a}{chapter.23}% 252
\BOOKMARK [1][-]{section.23.2}{\376\377\000J\000a\000r\000a\000k\000\040\000d\000a\000l\000a\000m\000\040\000R\000u\000a\000n\000g}{chapter.23}% 253
\BOOKMARK [1][-]{section.23.3}{\376\377\000S\000u\000d\000u\000t\000\040\000d\000a\000l\000a\000m\000\040\000R\000u\000a\000n\000g}{chapter.23}% 254
\BOOKMARK [1][-]{section.23.3}{\376\377\000R\000i\000n\000g\000k\000a\000s\000a\000n\000\040\000B\000a\000b}{chapter.23}% 255
\BOOKMARK [1][-]{section.23.3}{\376\377\000S\000o\000a\000l\000\040\000A\000k\000h\000i\000r\000\040\000B\000a\000b\000\040\0002\0003}{chapter.23}% 256
\BOOKMARK [2][-]{section*.49}{\376\377\000B\000a\000g\000i\000a\000n\000\040\000A}{section.23.3}% 257
\BOOKMARK [2][-]{Item.599}{\376\377\000B\000a\000g\000i\000a\000n\000\040\000B}{section.23.3}% 258
\BOOKMARK [2][-]{Item.604}{\376\377\000B\000a\000g\000i\000a\000n\000\040\000C}{section.23.3}% 259
\BOOKMARK [2][-]{Item.609}{\376\377\000B\000a\000g\000i\000a\000n\000\040\000D}{section.23.3}% 260
\BOOKMARK [-1][-]{part*.50}{\376\377\000K\000U\000N\000C\000I\000\040\000J\000A\000W\000A\000B\000A\000N\000\040\000D\000A\000N\000\040\000P\000E\000M\000B\000A\000H\000A\000S\000A\000N}{}% 261
\BOOKMARK [0][-]{chapter.24}{\376\377\000P\000e\000m\000b\000a\000h\000a\000s\000a\000n\000\040\000B\000a\000b\000\040\0001\000:\000\040\000K\000o\000m\000p\000o\000s\000i\000s\000i\000\040\000d\000a\000n\000\040\000I\000n\000v\000e\000r\000s}{part*.50}% 262
\BOOKMARK [0][-]{chapter.25}{\376\377\000P\000e\000m\000b\000a\000h\000a\000s\000a\000n\000\040\000B\000a\000b\000\040\0002\000:\000\040\000L\000i\000n\000g\000k\000a\000r\000a\000n}{part*.50}% 263
\BOOKMARK [0][-]{chapter.26}{\376\377\000P\000e\000m\000b\000a\000h\000a\000s\000a\000n\000\040\000B\000a\000b\000\040\0003\000:\000\040\000S\000t\000a\000t\000i\000s\000t\000i\000k\000a\000\040\000B\000i\000v\000a\000r\000i\000a\000t}{part*.50}% 264
\BOOKMARK [0][-]{chapter.27}{\376\377\000P\000e\000m\000b\000a\000h\000a\000s\000a\000n\000\040\000B\000a\000b\000\040\0004\000:\000\040\000B\000i\000l\000a\000n\000g\000a\000n\000\040\000K\000o\000m\000p\000l\000e\000k\000s}{part*.50}% 265
\BOOKMARK [0][-]{chapter.28}{\376\377\000P\000e\000m\000b\000a\000h\000a\000s\000a\000n\000\040\000B\000a\000b\000\040\0005\000:\000\040\000P\000o\000l\000i\000n\000o\000m\000i\000a\000l}{part*.50}% 266
\BOOKMARK [0][-]{chapter.29}{\376\377\000P\000e\000m\000b\000a\000h\000a\000s\000a\000n\000\040\000B\000a\000b\000\040\0006\000:\000\040\000M\000a\000t\000r\000i\000k\000s}{part*.50}% 267
\BOOKMARK [0][-]{chapter.30}{\376\377\000P\000e\000m\000b\000a\000h\000a\000s\000a\000n\000\040\000B\000a\000b\000\040\0007\000:\000\040\000G\000e\000o\000m\000e\000t\000r\000i\000\040\000T\000r\000a\000n\000s\000f\000o\000r\000m\000a\000s\000i}{part*.50}% 268
\BOOKMARK [0][-]{chapter.31}{\376\377\000P\000e\000m\000b\000a\000h\000a\000s\000a\000n\000\040\000B\000a\000b\000\040\0008\000:\000\040\000A\000n\000a\000l\000i\000s\000i\000s\000\040\000G\000r\000a\000f\000i\000k}{part*.50}% 269
\BOOKMARK [0][-]{chapter.32}{\376\377\000P\000e\000m\000b\000a\000h\000a\000s\000a\000n\000\040\000B\000a\000b\000\040\0009\000:\000\040\000F\000u\000n\000g\000s\000i\000\040\000R\000a\000s\000i\000o\000n\000a\000l}{part*.50}% 270
\BOOKMARK [0][-]{chapter.33}{\376\377\000P\000e\000m\000b\000a\000h\000a\000s\000a\000n\000\040\000B\000a\000b\000\040\0001\0000\000:\000\040\000N\000i\000l\000a\000i\000\040\000M\000u\000t\000l\000a\000k\000\040\000d\000a\000n\000\040\000B\000e\000n\000t\000u\000k\000\040\000I\000r\000a\000s\000i\000o\000n\000a\000l}{part*.50}% 271
\BOOKMARK [0][-]{chapter.34}{\376\377\000P\000e\000m\000b\000a\000h\000a\000s\000a\000n\000\040\000B\000a\000b\000\040\0001\0001\000:\000\040\000P\000e\000m\000o\000d\000e\000l\000a\000n\000\040\000M\000a\000t\000e\000m\000a\000t\000i\000k\000a}{part*.50}% 272
\BOOKMARK [0][-]{chapter.35}{\376\377\000P\000e\000m\000b\000a\000h\000a\000s\000a\000n\000\040\000B\000a\000b\000\040\0001\0002\000:\000\040\000T\000r\000i\000g\000o\000n\000o\000m\000e\000t\000r\000i\000\040\000L\000a\000n\000j\000u\000t\000a\000n}{part*.50}% 273
\BOOKMARK [0][-]{chapter.36}{\376\377\000P\000e\000m\000b\000a\000h\000a\000s\000a\000n\000\040\000B\000a\000b\000\040\0001\0003\000:\000\040\000L\000o\000g\000i\000k\000a\000\040\000M\000a\000t\000e\000m\000a\000t\000i\000k\000a}{part*.50}% 274
\BOOKMARK [0][-]{chapter.37}{\376\377\000P\000e\000m\000b\000a\000h\000a\000s\000a\000n\000\040\000B\000a\000b\000\040\0001\0004\000:\000\040\000I\000n\000d\000u\000k\000s\000i\000\040\000M\000a\000t\000e\000m\000a\000t\000i\000k\000a}{part*.50}% 275
\BOOKMARK [0][-]{chapter.38}{\376\377\000P\000e\000m\000b\000a\000h\000a\000s\000a\000n\000\040\000B\000a\000b\000\040\0001\0005\000:\000\040\000A\000t\000u\000r\000a\000n\000\040\000P\000e\000n\000c\000a\000c\000a\000h\000a\000n}{part*.50}% 276
\BOOKMARK [0][-]{chapter.39}{\376\377\000P\000e\000m\000b\000a\000h\000a\000s\000a\000n\000\040\000B\000a\000b\000\040\0001\0006\000:\000\040\000P\000e\000l\000u\000a\000n\000g}{part*.50}% 277
\BOOKMARK [0][-]{chapter.40}{\376\377\000P\000e\000m\000b\000a\000h\000a\000s\000a\000n\000\040\000B\000a\000b\000\040\0001\0007\000:\000\040\000I\000r\000i\000s\000a\000n\000\040\000K\000e\000r\000u\000c\000u\000t}{part*.50}% 278
\BOOKMARK [0][-]{chapter.41}{\376\377\000P\000e\000m\000b\000a\000h\000a\000s\000a\000n\000\040\000B\000a\000b\000\040\0001\0008\000:\000\040\000L\000i\000m\000i\000t\000\040\000F\000u\000n\000g\000s\000i}{part*.50}% 279
\BOOKMARK [0][-]{chapter.42}{\376\377\000P\000e\000m\000b\000a\000h\000a\000s\000a\000n\000\040\000B\000a\000b\000\040\0001\0009\000:\000\040\000T\000u\000r\000u\000n\000a\000n\000\040\000F\000u\000n\000g\000s\000i}{part*.50}% 280
\BOOKMARK [0][-]{chapter.43}{\376\377\000P\000e\000m\000b\000a\000h\000a\000s\000a\000n\000\040\000B\000a\000b\000\040\0002\0000\000:\000\040\000I\000n\000t\000e\000g\000r\000a\000l}{part*.50}% 281
\BOOKMARK [0][-]{chapter.44}{\376\377\000P\000e\000m\000b\000a\000h\000a\000s\000a\000n\000\040\000B\000a\000b\000\040\0002\0001\000:\000\040\000D\000i\000s\000t\000r\000i\000b\000u\000s\000i\000\040\000B\000i\000n\000o\000m\000i\000a\000l}{part*.50}% 282
\BOOKMARK [0][-]{chapter.45}{\376\377\000P\000e\000m\000b\000a\000h\000a\000s\000a\000n\000\040\000B\000a\000b\000\040\0002\0002\000:\000\040\000D\000i\000s\000t\000r\000i\000b\000u\000s\000i\000\040\000N\000o\000r\000m\000a\000l\000\040\000d\000a\000n\000\040\000U\000j\000i\000\040\000H\000i\000p\000o\000t\000e\000s\000i\000s}{part*.50}% 283
\BOOKMARK [0][-]{chapter.46}{\376\377\000P\000e\000m\000b\000a\000h\000a\000s\000a\000n\000\040\000B\000a\000b\000\040\0002\0003\000:\000\040\000D\000i\000m\000e\000n\000s\000i\000\040\000T\000i\000g\000a}{part*.50}% 284
